<?xml version="1.0" encoding="UTF-8"?>
<!-- Generated by org.testng.reporters.JUnitReportReporter -->
<testsuite name="testcases.TestCase_01" tests="1" time="0.021" ignored="0" failures="0" timestamp="27 May 2017 05:30:37 GMT" skipped="0" hostname="Sameer" errors="0">
  <testcase name="login" time="0.021" classname="testcases.TestCase_01"/>
</testsuite> <!-- testcases.TestCase_01 -->
